<?xml version="1.0" encoding="UTF-8"?>
<!-- Generated by org.testng.reporters.JUnitXMLReporter -->
<testsuite ignored="1" hostname="lgvn222509" failures="0" tests="1" name="Run Chrome - vi-VN" time="1.552" errors="0" timestamp="2023-06-24T20:31:13 ICT">
  <testcase classname="tests.TestBase" name="@BeforeMethod beforeMethod" time="1.222">
    <failure type="java.lang.NullPointerException" message="Cannot invoke &amp;quot;driver.resource.base.BaseDriver.getWebDriver()&amp;quot; because &amp;quot;driver&amp;quot; is null">
      <![CDATA[java.lang.NullPointerException: Cannot invoke "driver.resource.base.BaseDriver.getWebDriver()" because "driver" is null
at driver.manager.DriverManager.createDriver(DriverManager.java:120)
at driver.manager.DriverManager.initDriver(DriverManager.java:100)
at tests.TestBase.beforeMethod(TestBase.java:27)
at java.base/java.util.ArrayList.forEach(ArrayList.java:1511)
at java.base/java.util.concurrent.FutureTask.run(FutureTask.java:317)
at java.base/java.util.concurrent.ThreadPoolExecutor.runWorker(ThreadPoolExecutor.java:1144)
at java.base/java.util.concurrent.ThreadPoolExecutor$Worker.run(ThreadPoolExecutor.java:642)
at java.base/java.lang.Thread.run(Thread.java:1623)
... Removed 20 stack frames]]>
    </failure>
  </testcase> <!-- @BeforeMethod beforeMethod -->
  <testcase classname="tests.VietJet.TS_VietJet" name="TC02" time="0.0">
    <skipped/>
  </testcase> <!-- TC02 -->
  <testcase classname="tests.VietJet.TS_VietJet" name="TC01" time="0.0">
    <ignored/>
  </testcase> <!-- TC01 -->
</testsuite> <!-- Run Chrome - vi-VN -->
