<?xml version="1.0" encoding="UTF-8"?>
<!-- Generated by org.testng.reporters.JUnitXMLReporter -->
<testsuite ignored="0" hostname="lgvn222509" failures="0" tests="3" name="Run Chrome - Agoda" time="1.919" errors="0" timestamp="2023-06-24T20:26:36 ICT">
  <testcase classname="tests.TestBase" name="@BeforeMethod beforeMethod" time="1.26">
    <failure type="java.lang.NullPointerException" message="Cannot invoke &amp;quot;driver.resource.base.BaseDriver.getWebDriver()&amp;quot; because &amp;quot;driver&amp;quot; is null">
      <![CDATA[java.lang.NullPointerException: Cannot invoke "driver.resource.base.BaseDriver.getWebDriver()" because "driver" is null
at driver.manager.DriverManager.createDriver(DriverManager.java:120)
at driver.manager.DriverManager.initDriver(DriverManager.java:100)
at tests.TestBase.beforeMethod(TestBase.java:27)
at java.base/java.util.concurrent.ThreadPoolExecutor.runWorker(ThreadPoolExecutor.java:1144)
at java.base/java.util.concurrent.ThreadPoolExecutor$Worker.run(ThreadPoolExecutor.java:642)
at java.base/java.lang.Thread.run(Thread.java:1623)
... Removed 14 stack frames]]>
    </failure>
  </testcase> <!-- @BeforeMethod beforeMethod -->
  <testcase classname="tests.TestBase" name="@BeforeMethod beforeMethod" time="0.175">
    <failure type="java.lang.NullPointerException" message="Cannot invoke &amp;quot;driver.resource.base.BaseDriver.getWebDriver()&amp;quot; because &amp;quot;driver&amp;quot; is null">
      <![CDATA[java.lang.NullPointerException: Cannot invoke "driver.resource.base.BaseDriver.getWebDriver()" because "driver" is null
at driver.manager.DriverManager.createDriver(DriverManager.java:120)
at driver.manager.DriverManager.initDriver(DriverManager.java:100)
at tests.TestBase.beforeMethod(TestBase.java:27)
at java.base/java.util.concurrent.ThreadPoolExecutor.runWorker(ThreadPoolExecutor.java:1144)
at java.base/java.util.concurrent.ThreadPoolExecutor$Worker.run(ThreadPoolExecutor.java:642)
at java.base/java.lang.Thread.run(Thread.java:1623)
... Removed 14 stack frames]]>
    </failure>
  </testcase> <!-- @BeforeMethod beforeMethod -->
  <testcase classname="tests.TestBase" name="@BeforeMethod beforeMethod" time="0.115">
    <failure type="java.lang.NullPointerException" message="Cannot invoke &amp;quot;driver.resource.base.BaseDriver.getWebDriver()&amp;quot; because &amp;quot;driver&amp;quot; is null">
      <![CDATA[java.lang.NullPointerException: Cannot invoke "driver.resource.base.BaseDriver.getWebDriver()" because "driver" is null
at driver.manager.DriverManager.createDriver(DriverManager.java:120)
at driver.manager.DriverManager.initDriver(DriverManager.java:100)
at tests.TestBase.beforeMethod(TestBase.java:27)
at java.base/java.util.concurrent.ThreadPoolExecutor.runWorker(ThreadPoolExecutor.java:1144)
at java.base/java.util.concurrent.ThreadPoolExecutor$Worker.run(ThreadPoolExecutor.java:642)
at java.base/java.lang.Thread.run(Thread.java:1623)
... Removed 14 stack frames]]>
    </failure>
  </testcase> <!-- @BeforeMethod beforeMethod -->
  <testcase classname="tests.Agoda.TS_Agoda" name="TC01" time="0.0">
    <skipped/>
  </testcase> <!-- TC01 -->
  <testcase classname="tests.Agoda.TS_Agoda" name="TC02" time="0.0">
    <skipped/>
  </testcase> <!-- TC02 -->
  <testcase classname="tests.Agoda.TS_Agoda" name="TC03" time="0.0">
    <skipped/>
  </testcase> <!-- TC03 -->
</testsuite> <!-- Run Chrome - Agoda -->
